Determining if the pthread_create exist failed with the following output:
Change Dir: /home/kacper/fyp/PROJECT/program/catkin_ws/src/lidar_scanner/build/CMakeFiles/CMakeTmp

Run Build Command:"/usr/bin/make" "cmTC_e8a16/fast"
/usr/bin/make -f CMakeFiles/cmTC_e8a16.dir/build.make CMakeFiles/cmTC_e8a16.dir/build
make[1]: Entering directory '/home/kacper/fyp/PROJECT/program/catkin_ws/src/lidar_scanner/build/CMakeFiles/CMakeTmp'
Building C object CMakeFiles/cmTC_e8a16.dir/CheckSymbolExists.c.o
/usr/bin/cc    -o CMakeFiles/cmTC_e8a16.dir/CheckSymbolExists.c.o   -c /home/kacper/fyp/PROJECT/program/catkin_ws/src/lidar_scanner/build/CMakeFiles/CMakeTmp/CheckSymbolExists.c
Linking C executable cmTC_e8a16
/usr/bin/cmake -E cmake_link_script CMakeFiles/cmTC_e8a16.dir/link.txt --verbose=1
/usr/bin/cc      -rdynamic CMakeFiles/cmTC_e8a16.dir/CheckSymbolExists.c.o  -o cmTC_e8a16 
CMakeFiles/cmTC_e8a16.dir/CheckSymbolExists.c.o: In function `main':
CheckSymbolExists.c:(.text+0x1b): undefined reference to `pthread_create'
collect2: error: ld returned 1 exit status
CMakeFiles/cmTC_e8a16.dir/build.make:97: recipe for target 'cmTC_e8a16' failed
make[1]: *** [cmTC_e8a16] Error 1
make[1]: Leaving directory '/home/kacper/fyp/PROJECT/program/catkin_ws/src/lidar_scanner/build/CMakeFiles/CMakeTmp'
Makefile:126: recipe for target 'cmTC_e8a16/fast' failed
make: *** [cmTC_e8a16/fast] Error 2

File /home/kacper/fyp/PROJECT/program/catkin_ws/src/lidar_scanner/build/CMakeFiles/CMakeTmp/CheckSymbolExists.c:
/* */
#include <pthread.h>

int main(int argc, char** argv)
{
  (void)argv;
#ifndef pthread_create
  return ((int*)(&pthread_create))[argc];
#else
  (void)argc;
  return 0;
#endif
}

Determining if the function pthread_create exists in the pthreads failed with the following output:
Change Dir: /home/kacper/fyp/PROJECT/program/catkin_ws/src/lidar_scanner/build/CMakeFiles/CMakeTmp

Run Build Command:"/usr/bin/make" "cmTC_228da/fast"
/usr/bin/make -f CMakeFiles/cmTC_228da.dir/build.make CMakeFiles/cmTC_228da.dir/build
make[1]: Entering directory '/home/kacper/fyp/PROJECT/program/catkin_ws/src/lidar_scanner/build/CMakeFiles/CMakeTmp'
Building C object CMakeFiles/cmTC_228da.dir/CheckFunctionExists.c.o
/usr/bin/cc   -DCHECK_FUNCTION_EXISTS=pthread_create   -o CMakeFiles/cmTC_228da.dir/CheckFunctionExists.c.o   -c /usr/share/cmake-3.10/Modules/CheckFunctionExists.c
Linking C executable cmTC_228da
/usr/bin/cmake -E cmake_link_script CMakeFiles/cmTC_228da.dir/link.txt --verbose=1
/usr/bin/cc  -DCHECK_FUNCTION_EXISTS=pthread_create    -rdynamic CMakeFiles/cmTC_228da.dir/CheckFunctionExists.c.o  -o cmTC_228da -lpthreads 
/usr/bin/ld: cannot find -lpthreads
collect2: error: ld returned 1 exit status
CMakeFiles/cmTC_228da.dir/build.make:97: recipe for target 'cmTC_228da' failed
make[1]: *** [cmTC_228da] Error 1
make[1]: Leaving directory '/home/kacper/fyp/PROJECT/program/catkin_ws/src/lidar_scanner/build/CMakeFiles/CMakeTmp'
Makefile:126: recipe for target 'cmTC_228da/fast' failed
make: *** [cmTC_228da/fast] Error 2


